<?xml version="1.0" encoding="UTF-8" ?>
<testsuites>
  <testsuite errors="0" failures="0" hostname="Daniel-Acer" id="0" name="MessageHandlerServiceTests" package="tellajoke" tests="1" time="0.98" timestamp="2013-08-03T07:34:58">
      <properties />

      <testcase classname="tellajoke.MessageHandlerServiceTests" name="testReplyTakesResultFromJokeServiceAndPutsItIntoACard" time="0.582" />

      <system-out><![CDATA[--Output from testReplyTakesResultFromJokeServiceAndPutsItIntoACard--
]]></system-out>

      <system-err><![CDATA[--Output from testReplyTakesResultFromJokeServiceAndPutsItIntoACard--
]]></system-err>

  </testsuite>
  <testsuite errors="0" failures="0" hostname="Daniel-Acer" id="1" name="WelcomeServiceTests" package="tellajoke" tests="1" time="0.213" timestamp="2013-08-03T07:34:59">
      <properties />

      <testcase classname="tellajoke.WelcomeServiceTests" name="testCustomCard" time="0.202" />

      <system-out><![CDATA[--Output from testCustomCard--
]]></system-out>

      <system-err><![CDATA[--Output from testCustomCard--
]]></system-err>

  </testsuite>
</testsuites>
